2012/10/31 18:30:24 [trace] [system.CModule] Loading "log" application component
in C:\xampp\htdocs\celestic\index.php (13)
2012/10/31 18:30:24 [trace] [system.CModule] Loading "lc" application component
in C:\xampp\htdocs\celestic\index.php (13)
2012/10/31 18:30:24 [trace] [system.CModule] Loading "session" application component
in C:\xampp\htdocs\celestic\protected\components\LocaleManager.php (30)
in C:\xampp\htdocs\celestic\protected\components\LocaleManager.php (19)
in C:\xampp\htdocs\celestic\protected\components\LocaleManager.php (14)
2012/10/31 18:30:24 [trace] [system.CModule] Loading "request" application component
in C:\xampp\htdocs\celestic\index.php (13)
2012/10/31 18:30:24 [trace] [system.CModule] Loading "errorHandler" application component
in C:\xampp\htdocs\celestic\index.php (13)
2012/10/31 18:32:04 [trace] [system.CModule] Loading "log" application component
in C:\xampp\htdocs\celestic\index.php (13)
2012/10/31 18:32:04 [trace] [system.CModule] Loading "lc" application component
in C:\xampp\htdocs\celestic\index.php (13)
2012/10/31 18:32:04 [trace] [system.CModule] Loading "session" application component
in C:\xampp\htdocs\celestic\protected\components\LocaleManager.php (30)
in C:\xampp\htdocs\celestic\protected\components\LocaleManager.php (19)
2012/10/31 18:32:04 [trace] [system.CModule] Loading "request" application component
in C:\xampp\htdocs\celestic\index.php (13)
2012/10/31 18:32:04 [trace] [system.CModule] Loading "errorHandler" application component
in C:\xampp\htdocs\celestic\index.php (13)
2012/10/31 18:32:07 [trace] [system.CModule] Loading "log" application component
in C:\xampp\htdocs\celestic\index.php (13)
2012/10/31 18:32:07 [trace] [system.CModule] Loading "lc" application component
in C:\xampp\htdocs\celestic\index.php (13)
2012/10/31 18:32:07 [trace] [system.CModule] Loading "session" application component
in C:\xampp\htdocs\celestic\protected\components\LocaleManager.php (30)
in C:\xampp\htdocs\celestic\protected\components\LocaleManager.php (19)
2012/10/31 18:32:07 [trace] [system.CModule] Loading "request" application component
in C:\xampp\htdocs\celestic\index.php (13)
2012/10/31 18:32:07 [trace] [system.CModule] Loading "errorHandler" application component
in C:\xampp\htdocs\celestic\index.php (13)
2012/10/31 18:32:14 [trace] [system.CModule] Loading "log" application component
in C:\xampp\htdocs\celestic\index.php (13)
2012/10/31 18:32:14 [trace] [system.CModule] Loading "lc" application component
in C:\xampp\htdocs\celestic\index.php (13)
2012/10/31 18:32:14 [trace] [system.CModule] Loading "session" application component
in C:\xampp\htdocs\celestic\protected\components\LocaleManager.php (30)
in C:\xampp\htdocs\celestic\protected\components\LocaleManager.php (19)
2012/10/31 18:32:14 [trace] [system.CModule] Loading "request" application component
in C:\xampp\htdocs\celestic\index.php (13)
2012/10/31 18:32:14 [trace] [system.CModule] Loading "errorHandler" application component
in C:\xampp\htdocs\celestic\index.php (13)
2012/10/31 18:32:16 [trace] [system.CModule] Loading "log" application component
in C:\xampp\htdocs\celestic\index.php (13)
2012/10/31 18:32:16 [trace] [system.CModule] Loading "lc" application component
in C:\xampp\htdocs\celestic\index.php (13)
2012/10/31 18:32:16 [trace] [system.CModule] Loading "session" application component
in C:\xampp\htdocs\celestic\protected\components\LocaleManager.php (30)
in C:\xampp\htdocs\celestic\protected\components\LocaleManager.php (19)
2012/10/31 18:32:16 [trace] [system.CModule] Loading "request" application component
in C:\xampp\htdocs\celestic\index.php (13)
2012/10/31 18:32:16 [trace] [system.CModule] Loading "errorHandler" application component
in C:\xampp\htdocs\celestic\index.php (13)
2012/10/31 18:32:52 [trace] [system.CModule] Loading "log" application component
in C:\xampp\htdocs\celestic\index.php (13)
2012/10/31 18:32:52 [trace] [system.CModule] Loading "lc" application component
in C:\xampp\htdocs\celestic\index.php (13)
2012/10/31 18:32:52 [trace] [system.CModule] Loading "session" application component
in C:\xampp\htdocs\celestic\protected\components\LocaleManager.php (30)
in C:\xampp\htdocs\celestic\protected\components\LocaleManager.php (19)
in C:\xampp\htdocs\celestic\protected\components\LocaleManager.php (14)
in C:\xampp\htdocs\celestic\index.php (13)
2012/10/31 18:32:52 [trace] [system.CModule] Loading "request" application component
in C:\xampp\htdocs\celestic\index.php (13)
2012/10/31 18:32:52 [trace] [system.CModule] Loading "errorHandler" application component
in C:\xampp\htdocs\celestic\index.php (13)
2012/10/31 18:33:15 [trace] [system.CModule] Loading "log" application component
in C:\xampp\htdocs\celestic\index.php (13)
2012/10/31 18:33:15 [trace] [system.CModule] Loading "lc" application component
in C:\xampp\htdocs\celestic\index.php (13)
2012/10/31 18:33:15 [trace] [system.CModule] Loading "session" application component
in C:\xampp\htdocs\celestic\protected\components\LocaleManager.php (30)
2012/10/31 18:33:15 [trace] [system.CModule] Loading "request" application component
in C:\xampp\htdocs\celestic\index.php (13)
2012/10/31 18:33:15 [trace] [system.CModule] Loading "errorHandler" application component
in C:\xampp\htdocs\celestic\index.php (13)
2012/10/31 18:33:17 [trace] [system.CModule] Loading "log" application component
in C:\xampp\htdocs\celestic\index.php (13)
2012/10/31 18:33:17 [trace] [system.CModule] Loading "lc" application component
in C:\xampp\htdocs\celestic\index.php (13)
2012/10/31 18:33:17 [trace] [system.CModule] Loading "session" application component
in C:\xampp\htdocs\celestic\protected\components\LocaleManager.php (30)
2012/10/31 18:33:17 [trace] [system.CModule] Loading "request" application component
in C:\xampp\htdocs\celestic\index.php (13)
2012/10/31 18:33:17 [trace] [system.CModule] Loading "errorHandler" application component
in C:\xampp\htdocs\celestic\index.php (13)
2012/10/31 18:34:28 [trace] [system.CModule] Loading "log" application component
in C:\xampp\htdocs\celestic\index.php (13)
2012/10/31 18:34:28 [trace] [system.CModule] Loading "lc" application component
in C:\xampp\htdocs\celestic\index.php (13)
2012/10/31 18:34:28 [trace] [system.CModule] Loading "session" application component
in C:\xampp\htdocs\celestic\protected\components\LocaleManager.php (30)
in C:\xampp\htdocs\celestic\protected\components\LocaleManager.php (19)
in C:\xampp\htdocs\celestic\protected\components\LocaleManager.php (14)
2012/10/31 18:34:28 [trace] [system.CModule] Loading "request" application component
in C:\xampp\htdocs\celestic\index.php (13)
2012/10/31 18:34:28 [trace] [system.CModule] Loading "errorHandler" application component
in C:\xampp\htdocs\celestic\index.php (13)
2012/10/31 18:35:04 [trace] [system.CModule] Loading "log" application component
in C:\xampp\htdocs\celestic\index.php (13)
2012/10/31 18:35:04 [trace] [system.CModule] Loading "lc" application component
in C:\xampp\htdocs\celestic\index.php (13)
2012/10/31 18:35:04 [trace] [system.CModule] Loading "session" application component
in C:\xampp\htdocs\celestic\protected\components\LocaleManager.php (30)
in C:\xampp\htdocs\celestic\protected\components\LocaleManager.php (19)
in C:\xampp\htdocs\celestic\protected\components\LocaleManager.php (14)
2012/10/31 18:35:04 [trace] [system.CModule] Loading "request" application component
in C:\xampp\htdocs\celestic\index.php (13)
2012/10/31 18:35:04 [trace] [system.CModule] Loading "errorHandler" application component
in C:\xampp\htdocs\celestic\index.php (13)
2012/10/31 18:35:06 [trace] [system.CModule] Loading "log" application component
in C:\xampp\htdocs\celestic\index.php (13)
2012/10/31 18:35:06 [trace] [system.CModule] Loading "lc" application component
in C:\xampp\htdocs\celestic\index.php (13)
2012/10/31 18:35:06 [trace] [system.CModule] Loading "session" application component
in C:\xampp\htdocs\celestic\protected\components\LocaleManager.php (30)
in C:\xampp\htdocs\celestic\protected\components\LocaleManager.php (19)
in C:\xampp\htdocs\celestic\protected\components\LocaleManager.php (14)
2012/10/31 18:35:06 [trace] [system.CModule] Loading "request" application component
in C:\xampp\htdocs\celestic\index.php (13)
2012/10/31 18:35:06 [trace] [system.CModule] Loading "errorHandler" application component
in C:\xampp\htdocs\celestic\index.php (13)
2012/10/31 18:35:06 [trace] [system.CModule] Loading "log" application component
in C:\xampp\htdocs\celestic\index.php (13)
2012/10/31 18:35:06 [trace] [system.CModule] Loading "lc" application component
in C:\xampp\htdocs\celestic\index.php (13)
2012/10/31 18:35:06 [trace] [system.CModule] Loading "session" application component
in C:\xampp\htdocs\celestic\protected\components\LocaleManager.php (30)
in C:\xampp\htdocs\celestic\protected\components\LocaleManager.php (19)
in C:\xampp\htdocs\celestic\protected\components\LocaleManager.php (14)
2012/10/31 18:35:06 [trace] [system.CModule] Loading "request" application component
in C:\xampp\htdocs\celestic\index.php (13)
2012/10/31 18:35:06 [trace] [system.CModule] Loading "errorHandler" application component
in C:\xampp\htdocs\celestic\index.php (13)
2012/10/31 18:35:27 [trace] [system.CModule] Loading "log" application component
in C:\xampp\htdocs\celestic\index.php (13)
2012/10/31 18:35:27 [trace] [system.CModule] Loading "lc" application component
in C:\xampp\htdocs\celestic\index.php (13)
2012/10/31 18:35:27 [trace] [system.CModule] Loading "session" application component
in C:\xampp\htdocs\celestic\protected\components\LocaleManager.php (30)
in C:\xampp\htdocs\celestic\protected\components\LocaleManager.php (19)
in C:\xampp\htdocs\celestic\protected\components\LocaleManager.php (14)
2012/10/31 18:35:27 [trace] [system.CModule] Loading "request" application component
in C:\xampp\htdocs\celestic\index.php (13)
2012/10/31 18:35:27 [trace] [system.CModule] Loading "errorHandler" application component
in C:\xampp\htdocs\celestic\index.php (13)
2012/10/31 18:35:30 [trace] [system.CModule] Loading "log" application component
in C:\xampp\htdocs\celestic\index.php (13)
2012/10/31 18:35:30 [trace] [system.CModule] Loading "lc" application component
in C:\xampp\htdocs\celestic\index.php (13)
2012/10/31 18:35:30 [trace] [system.CModule] Loading "session" application component
in C:\xampp\htdocs\celestic\protected\components\LocaleManager.php (30)
in C:\xampp\htdocs\celestic\protected\components\LocaleManager.php (19)
in C:\xampp\htdocs\celestic\protected\components\LocaleManager.php (14)
2012/10/31 18:35:30 [trace] [system.CModule] Loading "request" application component
in C:\xampp\htdocs\celestic\index.php (13)
2012/10/31 18:35:30 [trace] [system.CModule] Loading "errorHandler" application component
in C:\xampp\htdocs\celestic\index.php (13)
2012/10/31 18:36:29 [trace] [system.CModule] Loading "log" application component
in C:\xampp\htdocs\celestic\index.php (13)
2012/10/31 18:36:29 [trace] [system.CModule] Loading "lc" application component
in C:\xampp\htdocs\celestic\index.php (13)
2012/10/31 18:36:29 [trace] [system.CModule] Loading "session" application component
in C:\xampp\htdocs\celestic\protected\components\LocaleManager.php (30)
in C:\xampp\htdocs\celestic\protected\components\LocaleManager.php (19)
in C:\xampp\htdocs\celestic\protected\components\LocaleManager.php (14)
2012/10/31 18:36:29 [trace] [system.CModule] Loading "request" application component
in C:\xampp\htdocs\celestic\index.php (13)
2012/10/31 18:36:29 [trace] [system.CModule] Loading "errorHandler" application component
in C:\xampp\htdocs\celestic\index.php (13)
2012/10/31 18:36:39 [trace] [system.CModule] Loading "log" application component
in C:\xampp\htdocs\celestic\index.php (13)
2012/10/31 18:36:39 [trace] [system.CModule] Loading "lc" application component
in C:\xampp\htdocs\celestic\index.php (13)
2012/10/31 18:36:39 [trace] [system.CModule] Loading "session" application component
in C:\xampp\htdocs\celestic\protected\components\LocaleManager.php (30)
in C:\xampp\htdocs\celestic\protected\components\LocaleManager.php (19)
in C:\xampp\htdocs\celestic\protected\components\LocaleManager.php (14)
2012/10/31 18:36:39 [trace] [system.CModule] Loading "request" application component
in C:\xampp\htdocs\celestic\index.php (13)
2012/10/31 18:36:39 [trace] [system.CModule] Loading "errorHandler" application component
in C:\xampp\htdocs\celestic\index.php (13)
2012/10/31 18:36:49 [trace] [system.CModule] Loading "log" application component
in C:\xampp\htdocs\celestic\index.php (13)
2012/10/31 18:36:49 [trace] [system.CModule] Loading "lc" application component
in C:\xampp\htdocs\celestic\index.php (13)
2012/10/31 18:36:49 [trace] [system.CModule] Loading "session" application component
in C:\xampp\htdocs\celestic\protected\components\LocaleManager.php (30)
in C:\xampp\htdocs\celestic\protected\components\LocaleManager.php (19)
in C:\xampp\htdocs\celestic\protected\components\LocaleManager.php (14)
2012/10/31 18:36:49 [trace] [system.CModule] Loading "request" application component
in C:\xampp\htdocs\celestic\index.php (13)
2012/10/31 18:36:49 [trace] [system.CModule] Loading "errorHandler" application component
in C:\xampp\htdocs\celestic\index.php (13)
2012/10/31 18:36:52 [trace] [system.CModule] Loading "log" application component
in C:\xampp\htdocs\celestic\index.php (13)
2012/10/31 18:36:52 [trace] [system.CModule] Loading "lc" application component
in C:\xampp\htdocs\celestic\index.php (13)
2012/10/31 18:36:52 [trace] [system.CModule] Loading "session" application component
in C:\xampp\htdocs\celestic\protected\components\LocaleManager.php (30)
in C:\xampp\htdocs\celestic\protected\components\LocaleManager.php (19)
in C:\xampp\htdocs\celestic\protected\components\LocaleManager.php (14)
2012/10/31 18:36:52 [trace] [system.CModule] Loading "request" application component
in C:\xampp\htdocs\celestic\index.php (13)
2012/10/31 18:36:52 [trace] [system.CModule] Loading "errorHandler" application component
in C:\xampp\htdocs\celestic\index.php (13)
2012/10/31 18:37:57 [trace] [system.CModule] Loading "log" application component
in C:\xampp\htdocs\celestic\index.php (13)
2012/10/31 18:37:57 [trace] [system.CModule] Loading "lc" application component
in C:\xampp\htdocs\celestic\index.php (13)
2012/10/31 18:37:57 [trace] [system.CModule] Loading "session" application component
in C:\xampp\htdocs\celestic\protected\components\LocaleManager.php (30)
in C:\xampp\htdocs\celestic\protected\components\LocaleManager.php (19)
in C:\xampp\htdocs\celestic\protected\components\LocaleManager.php (14)
2012/10/31 18:37:57 [trace] [system.CModule] Loading "request" application component
in C:\xampp\htdocs\celestic\index.php (13)
2012/10/31 18:37:57 [trace] [system.CModule] Loading "errorHandler" application component
in C:\xampp\htdocs\celestic\index.php (13)
2012/10/31 18:38:28 [trace] [system.CModule] Loading "log" application component
2012/10/31 18:38:28 [trace] [system.CModule] Loading "lc" application component
2012/10/31 18:38:28 [trace] [system.CModule] Loading "session" application component
2012/10/31 18:38:28 [trace] [system.CModule] Loading "request" application component
2012/10/31 18:38:28 [trace] [system.CModule] Loading "errorHandler" application component
2012/10/31 18:38:30 [trace] [system.CModule] Loading "log" application component
2012/10/31 18:38:30 [trace] [system.CModule] Loading "lc" application component
2012/10/31 18:38:30 [trace] [system.CModule] Loading "session" application component
2012/10/31 18:38:30 [trace] [system.CModule] Loading "request" application component
2012/10/31 18:38:30 [trace] [system.CModule] Loading "errorHandler" application component
2012/10/31 18:39:07 [trace] [system.CModule] Loading "log" application component
in C:\xampp\htdocs\celestic\index.php (13)
2012/10/31 18:39:07 [trace] [system.CModule] Loading "lc" application component
in C:\xampp\htdocs\celestic\index.php (13)
2012/10/31 18:39:07 [trace] [system.CModule] Loading "session" application component
in C:\xampp\htdocs\celestic\protected\components\LocaleManager.php (30)
in C:\xampp\htdocs\celestic\protected\components\LocaleManager.php (19)
in C:\xampp\htdocs\celestic\protected\components\LocaleManager.php (14)
2012/10/31 18:39:07 [trace] [system.CModule] Loading "request" application component
in C:\xampp\htdocs\celestic\index.php (13)
2012/10/31 18:39:07 [trace] [system.CModule] Loading "errorHandler" application component
in C:\xampp\htdocs\celestic\index.php (13)
2012/10/31 18:39:09 [trace] [system.CModule] Loading "log" application component
in C:\xampp\htdocs\celestic\index.php (13)
2012/10/31 18:39:09 [trace] [system.CModule] Loading "lc" application component
in C:\xampp\htdocs\celestic\index.php (13)
2012/10/31 18:39:09 [trace] [system.CModule] Loading "session" application component
in C:\xampp\htdocs\celestic\protected\components\LocaleManager.php (30)
in C:\xampp\htdocs\celestic\protected\components\LocaleManager.php (19)
in C:\xampp\htdocs\celestic\protected\components\LocaleManager.php (14)
2012/10/31 18:39:09 [trace] [system.CModule] Loading "request" application component
in C:\xampp\htdocs\celestic\index.php (13)
2012/10/31 18:39:09 [trace] [system.CModule] Loading "errorHandler" application component
in C:\xampp\htdocs\celestic\index.php (13)
2013/07/30 04:43:30 [trace] [system.CModule] Loading "log" application component
in C:\xampp\htdocs\gitrepo\vijay\vijay\index.php (13)
2013/07/30 04:43:30 [trace] [system.CModule] Loading "lc" application component
in C:\xampp\htdocs\gitrepo\vijay\vijay\index.php (13)
2013/07/30 04:43:30 [trace] [system.CModule] Loading "session" application component
in C:\xampp\htdocs\gitrepo\vijay\vijay\protected\components\LocaleManager.php (30)
in C:\xampp\htdocs\gitrepo\vijay\vijay\protected\components\LocaleManager.php (19)
in C:\xampp\htdocs\gitrepo\vijay\vijay\protected\components\LocaleManager.php (14)
2013/07/30 04:43:30 [trace] [system.CModule] Loading "request" application component
in C:\xampp\htdocs\gitrepo\vijay\vijay\index.php (13)
2013/07/30 04:43:30 [trace] [system.CModule] Loading "errorHandler" application component
in C:\xampp\htdocs\gitrepo\vijay\vijay\index.php (13)
2013/07/30 05:13:50 [trace] [system.CModule] Loading "log" application component
in C:\xampp\htdocs\gitrepo\vijay\vijay\index.php (13)
2013/07/30 05:13:50 [trace] [system.CModule] Loading "lc" application component
in C:\xampp\htdocs\gitrepo\vijay\vijay\index.php (13)
2013/07/30 05:13:50 [trace] [system.CModule] Loading "session" application component
in C:\xampp\htdocs\gitrepo\vijay\vijay\protected\components\LocaleManager.php (30)
in C:\xampp\htdocs\gitrepo\vijay\vijay\protected\components\LocaleManager.php (19)
in C:\xampp\htdocs\gitrepo\vijay\vijay\protected\components\LocaleManager.php (14)
2013/07/30 05:13:50 [trace] [system.CModule] Loading "request" application component
in C:\xampp\htdocs\gitrepo\vijay\vijay\index.php (13)
2013/07/30 05:13:50 [trace] [system.CModule] Loading "errorHandler" application component
in C:\xampp\htdocs\gitrepo\vijay\vijay\index.php (13)
2013/07/30 05:44:48 [trace] [system.CModule] Loading "log" application component
in C:\xampp\htdocs\gitrepo\vijay\vijay\index.php (13)
2013/07/30 05:44:48 [trace] [system.CModule] Loading "lc" application component
in C:\xampp\htdocs\gitrepo\vijay\vijay\index.php (13)
2013/07/30 05:44:48 [trace] [system.CModule] Loading "session" application component
in C:\xampp\htdocs\gitrepo\vijay\vijay\protected\components\LocaleManager.php (30)
in C:\xampp\htdocs\gitrepo\vijay\vijay\protected\components\LocaleManager.php (19)
in C:\xampp\htdocs\gitrepo\vijay\vijay\protected\components\LocaleManager.php (14)
2013/07/30 05:44:48 [trace] [system.CModule] Loading "request" application component
in C:\xampp\htdocs\gitrepo\vijay\vijay\index.php (13)
2013/07/30 05:44:48 [trace] [system.CModule] Loading "errorHandler" application component
in C:\xampp\htdocs\gitrepo\vijay\vijay\index.php (13)
